<?xml version="1.0" encoding="UTF-8"?>
<!-- Generated by org.testng.reporters.JUnitXMLReporter -->
<testsuite hostname="DESKTOP-401NSAT" ignored="0" name="Default test" tests="11" failures="0" timestamp="09 Dec 2021 11:51:20 GMT" time="56.049" errors="0">
  <testcase name="tc4" time="6.649" classname="org.pbi.NewTestNg"/>
  <testcase name="tc2" time="3.685" classname="org.pbi.NewTestNg"/>
  <testcase name="tc10" time="3.507" classname="org.pbi.NewTestNg"/>
  <testcase name="tc11" time="3.285" classname="org.pbi.NewTestNg"/>
  <testcase name="tc3" time="3.517" classname="org.pbi.NewTestNg"/>
  <testcase name="tc5" time="3.376" classname="org.pbi.NewTestNg"/>
  <testcase name="tc6" time="3.277" classname="org.pbi.NewTestNg"/>
  <testcase name="tc7" time="3.455" classname="org.pbi.NewTestNg"/>
  <testcase name="tc8" time="3.871" classname="org.pbi.NewTestNg"/>
  <testcase name="tc9" time="3.675" classname="org.pbi.NewTestNg"/>
  <testcase name="tc1" time="3.604" classname="org.pbi.NewTestNg"/>
</testsuite> <!-- Default test -->
