<?xml version="1.0" encoding="UTF-8"?>
<!-- Generated by org.testng.reporters.JUnitXMLReporter -->
<testsuite hostname="DESKTOP-401NSAT" ignored="0" name="Test" tests="11" failures="0" timestamp="09 Dec 2021 11:57:52 GMT" time="55.075" errors="0">
  <testcase name="tc4" time="5.784" classname="org.pbi.NewTestNg"/>
  <testcase name="tc2" time="3.571" classname="org.pbi.NewTestNg"/>
  <testcase name="tc10" time="3.507" classname="org.pbi.NewTestNg"/>
  <testcase name="tc11" time="3.355" classname="org.pbi.NewTestNg"/>
  <testcase name="tc3" time="3.567" classname="org.pbi.NewTestNg"/>
  <testcase name="tc5" time="3.382" classname="org.pbi.NewTestNg"/>
  <testcase name="tc6" time="3.373" classname="org.pbi.NewTestNg"/>
  <testcase name="tc7" time="3.367" classname="org.pbi.NewTestNg"/>
  <testcase name="tc8" time="3.429" classname="org.pbi.NewTestNg"/>
  <testcase name="tc9" time="3.268" classname="org.pbi.NewTestNg"/>
  <testcase name="tc1" time="3.472" classname="org.pbi.NewTestNg"/>
</testsuite> <!-- Test -->
