<?xml version="1.0" encoding="UTF-8"?>
<testng-results skipped="0" failed="0" ignored="0" total="11" passed="11">
  <reporter-output>
  </reporter-output>
  <suite name="Suite" duration-ms="55075" started-at="2021-12-09T11:56:57Z" finished-at="2021-12-09T11:57:52Z">
    <groups>
      <group name="regression">
        <method signature="NewTestNg.tc1()[pri:1, instance:org.pbi.NewTestNg@548e7350]" name="tc1" class="org.pbi.NewTestNg"/>
      </group> <!-- regression -->
      <group name="smoke">
        <method signature="NewTestNg.tc3()[pri:0, instance:org.pbi.NewTestNg@548e7350]" name="tc3" class="org.pbi.NewTestNg"/>
        <method signature="NewTestNg.tc5()[pri:0, instance:org.pbi.NewTestNg@548e7350]" name="tc5" class="org.pbi.NewTestNg"/>
      </group> <!-- smoke -->
      <group name="sanity">
        <method signature="NewTestNg.tc2()[pri:-10, instance:org.pbi.NewTestNg@548e7350]" name="tc2" class="org.pbi.NewTestNg"/>
        <method signature="NewTestNg.tc4(java.lang.String, java.lang.String)[pri:-11, instance:org.pbi.NewTestNg@548e7350]" name="tc4" class="org.pbi.NewTestNg"/>
      </group> <!-- sanity -->
    </groups>
    <test name="Test" duration-ms="55075" started-at="2021-12-09T11:56:57Z" finished-at="2021-12-09T11:57:52Z">
      <class name="org.pbi.NewTestNg">
        <test-method status="PASS" signature="startChrome()[pri:0, instance:org.pbi.NewTestNg@548e7350]" name="startChrome" is-config="true" duration-ms="2043" started-at="2021-12-09T03:56:57Z" finished-at="2021-12-09T03:56:59Z">
          <reporter-output>
          </reporter-output>
        </test-method> <!-- startChrome -->
        <test-method status="PASS" signature="startTime()[pri:0, instance:org.pbi.NewTestNg@548e7350]" name="startTime" is-config="true" duration-ms="3285" started-at="2021-12-09T03:56:59Z" finished-at="2021-12-09T03:57:02Z">
          <reporter-output>
          </reporter-output>
        </test-method> <!-- startTime -->
        <test-method status="PASS" signature="tc4(java.lang.String, java.lang.String)[pri:-11, instance:org.pbi.NewTestNg@548e7350]" name="tc4" duration-ms="5784" started-at="2021-12-09T03:57:02Z" finished-at="2021-12-09T03:57:08Z">
          <params>
            <param index="0">
              <value>
                <![CDATA[jai]]>
              </value>
            </param>
            <param index="1">
              <value>
                <![CDATA[jai@gmail.com]]>
              </value>
            </param>
          </params>
          <reporter-output>
          </reporter-output>
        </test-method> <!-- tc4 -->
        <test-method status="PASS" signature="endTime()[pri:0, instance:org.pbi.NewTestNg@548e7350]" name="endTime" is-config="true" duration-ms="1" started-at="2021-12-09T03:57:08Z" finished-at="2021-12-09T03:57:08Z">
          <reporter-output>
          </reporter-output>
        </test-method> <!-- endTime -->
        <test-method status="PASS" signature="startTime()[pri:0, instance:org.pbi.NewTestNg@548e7350]" name="startTime" is-config="true" duration-ms="689" started-at="2021-12-09T03:57:08Z" finished-at="2021-12-09T03:57:09Z">
          <reporter-output>
          </reporter-output>
        </test-method> <!-- startTime -->
        <test-method status="PASS" signature="tc2()[pri:-10, instance:org.pbi.NewTestNg@548e7350]" name="tc2" duration-ms="3571" started-at="2021-12-09T03:57:09Z" finished-at="2021-12-09T03:57:12Z">
          <reporter-output>
          </reporter-output>
        </test-method> <!-- tc2 -->
        <test-method status="PASS" signature="endTime()[pri:0, instance:org.pbi.NewTestNg@548e7350]" name="endTime" is-config="true" duration-ms="0" started-at="2021-12-09T03:57:12Z" finished-at="2021-12-09T03:57:12Z">
          <reporter-output>
          </reporter-output>
        </test-method> <!-- endTime -->
        <test-method status="PASS" signature="startTime()[pri:0, instance:org.pbi.NewTestNg@548e7350]" name="startTime" is-config="true" duration-ms="601" started-at="2021-12-09T03:57:12Z" finished-at="2021-12-09T03:57:13Z">
          <reporter-output>
          </reporter-output>
        </test-method> <!-- startTime -->
        <test-method status="PASS" signature="tc10()[pri:0, instance:org.pbi.NewTestNg@548e7350]" name="tc10" duration-ms="3507" started-at="2021-12-09T03:57:13Z" finished-at="2021-12-09T03:57:17Z">
          <reporter-output>
          </reporter-output>
        </test-method> <!-- tc10 -->
        <test-method status="PASS" signature="endTime()[pri:0, instance:org.pbi.NewTestNg@548e7350]" name="endTime" is-config="true" duration-ms="0" started-at="2021-12-09T03:57:17Z" finished-at="2021-12-09T03:57:17Z">
          <reporter-output>
          </reporter-output>
        </test-method> <!-- endTime -->
        <test-method status="PASS" signature="startTime()[pri:0, instance:org.pbi.NewTestNg@548e7350]" name="startTime" is-config="true" duration-ms="459" started-at="2021-12-09T03:57:17Z" finished-at="2021-12-09T03:57:17Z">
          <reporter-output>
          </reporter-output>
        </test-method> <!-- startTime -->
        <test-method status="PASS" signature="tc11()[pri:0, instance:org.pbi.NewTestNg@548e7350]" name="tc11" duration-ms="3355" started-at="2021-12-09T03:57:17Z" finished-at="2021-12-09T03:57:20Z">
          <reporter-output>
          </reporter-output>
        </test-method> <!-- tc11 -->
        <test-method status="PASS" signature="endTime()[pri:0, instance:org.pbi.NewTestNg@548e7350]" name="endTime" is-config="true" duration-ms="1" started-at="2021-12-09T03:57:20Z" finished-at="2021-12-09T03:57:20Z">
          <reporter-output>
          </reporter-output>
        </test-method> <!-- endTime -->
        <test-method status="PASS" signature="startTime()[pri:0, instance:org.pbi.NewTestNg@548e7350]" name="startTime" is-config="true" duration-ms="508" started-at="2021-12-09T03:57:20Z" finished-at="2021-12-09T03:57:21Z">
          <reporter-output>
          </reporter-output>
        </test-method> <!-- startTime -->
        <test-method status="PASS" signature="tc3()[pri:0, instance:org.pbi.NewTestNg@548e7350]" name="tc3" duration-ms="3567" started-at="2021-12-09T03:57:21Z" finished-at="2021-12-09T03:57:24Z">
          <reporter-output>
          </reporter-output>
        </test-method> <!-- tc3 -->
        <test-method status="PASS" signature="endTime()[pri:0, instance:org.pbi.NewTestNg@548e7350]" name="endTime" is-config="true" duration-ms="0" started-at="2021-12-09T03:57:24Z" finished-at="2021-12-09T03:57:24Z">
          <reporter-output>
          </reporter-output>
        </test-method> <!-- endTime -->
        <test-method status="PASS" signature="startTime()[pri:0, instance:org.pbi.NewTestNg@548e7350]" name="startTime" is-config="true" duration-ms="574" started-at="2021-12-09T03:57:24Z" finished-at="2021-12-09T03:57:25Z">
          <reporter-output>
          </reporter-output>
        </test-method> <!-- startTime -->
        <test-method status="PASS" signature="tc5()[pri:0, instance:org.pbi.NewTestNg@548e7350]" name="tc5" duration-ms="3382" started-at="2021-12-09T03:57:25Z" finished-at="2021-12-09T03:57:28Z">
          <reporter-output>
          </reporter-output>
        </test-method> <!-- tc5 -->
        <test-method status="PASS" signature="startTime()[pri:0, instance:org.pbi.NewTestNg@548e7350]" name="startTime" is-config="true" duration-ms="416" started-at="2021-12-09T03:57:28Z" finished-at="2021-12-09T03:57:29Z">
          <reporter-output>
          </reporter-output>
        </test-method> <!-- startTime -->
        <test-method status="PASS" signature="endTime()[pri:0, instance:org.pbi.NewTestNg@548e7350]" name="endTime" is-config="true" duration-ms="0" started-at="2021-12-09T03:57:28Z" finished-at="2021-12-09T03:57:28Z">
          <reporter-output>
          </reporter-output>
        </test-method> <!-- endTime -->
        <test-method status="PASS" signature="tc6()[pri:0, instance:org.pbi.NewTestNg@548e7350]" name="tc6" duration-ms="3373" started-at="2021-12-09T03:57:29Z" finished-at="2021-12-09T03:57:32Z">
          <reporter-output>
          </reporter-output>
        </test-method> <!-- tc6 -->
        <test-method status="PASS" signature="endTime()[pri:0, instance:org.pbi.NewTestNg@548e7350]" name="endTime" is-config="true" duration-ms="0" started-at="2021-12-09T03:57:32Z" finished-at="2021-12-09T03:57:32Z">
          <reporter-output>
          </reporter-output>
        </test-method> <!-- endTime -->
        <test-method status="PASS" signature="startTime()[pri:0, instance:org.pbi.NewTestNg@548e7350]" name="startTime" is-config="true" duration-ms="589" started-at="2021-12-09T03:57:32Z" finished-at="2021-12-09T03:57:33Z">
          <reporter-output>
          </reporter-output>
        </test-method> <!-- startTime -->
        <test-method status="PASS" signature="tc7()[pri:0, instance:org.pbi.NewTestNg@548e7350]" name="tc7" duration-ms="3367" started-at="2021-12-09T03:57:33Z" finished-at="2021-12-09T03:57:36Z">
          <reporter-output>
          </reporter-output>
        </test-method> <!-- tc7 -->
        <test-method status="PASS" signature="endTime()[pri:0, instance:org.pbi.NewTestNg@548e7350]" name="endTime" is-config="true" duration-ms="0" started-at="2021-12-09T03:57:36Z" finished-at="2021-12-09T03:57:36Z">
          <reporter-output>
          </reporter-output>
        </test-method> <!-- endTime -->
        <test-method status="PASS" signature="startTime()[pri:0, instance:org.pbi.NewTestNg@548e7350]" name="startTime" is-config="true" duration-ms="567" started-at="2021-12-09T03:57:36Z" finished-at="2021-12-09T03:57:37Z">
          <reporter-output>
          </reporter-output>
        </test-method> <!-- startTime -->
        <test-method status="PASS" signature="tc8()[pri:0, instance:org.pbi.NewTestNg@548e7350]" name="tc8" duration-ms="3429" started-at="2021-12-09T03:57:37Z" finished-at="2021-12-09T03:57:40Z">
          <reporter-output>
          </reporter-output>
        </test-method> <!-- tc8 -->
        <test-method status="PASS" signature="endTime()[pri:0, instance:org.pbi.NewTestNg@548e7350]" name="endTime" is-config="true" duration-ms="0" started-at="2021-12-09T03:57:40Z" finished-at="2021-12-09T03:57:40Z">
          <reporter-output>
          </reporter-output>
        </test-method> <!-- endTime -->
        <test-method status="PASS" signature="startTime()[pri:0, instance:org.pbi.NewTestNg@548e7350]" name="startTime" is-config="true" duration-ms="555" started-at="2021-12-09T03:57:40Z" finished-at="2021-12-09T03:57:41Z">
          <reporter-output>
          </reporter-output>
        </test-method> <!-- startTime -->
        <test-method status="PASS" signature="tc9()[pri:0, instance:org.pbi.NewTestNg@548e7350]" name="tc9" duration-ms="3268" started-at="2021-12-09T03:57:41Z" finished-at="2021-12-09T03:57:44Z">
          <reporter-output>
          </reporter-output>
        </test-method> <!-- tc9 -->
        <test-method status="PASS" signature="endTime()[pri:0, instance:org.pbi.NewTestNg@548e7350]" name="endTime" is-config="true" duration-ms="0" started-at="2021-12-09T03:57:44Z" finished-at="2021-12-09T03:57:44Z">
          <reporter-output>
          </reporter-output>
        </test-method> <!-- endTime -->
        <test-method status="PASS" signature="startTime()[pri:0, instance:org.pbi.NewTestNg@548e7350]" name="startTime" is-config="true" duration-ms="515" started-at="2021-12-09T03:57:44Z" finished-at="2021-12-09T03:57:45Z">
          <reporter-output>
          </reporter-output>
        </test-method> <!-- startTime -->
        <test-method status="PASS" signature="tc1()[pri:1, instance:org.pbi.NewTestNg@548e7350]" name="tc1" duration-ms="3472" started-at="2021-12-09T03:57:45Z" finished-at="2021-12-09T03:57:48Z">
          <reporter-output>
          </reporter-output>
        </test-method> <!-- tc1 -->
        <test-method status="PASS" signature="endChrome()[pri:0, instance:org.pbi.NewTestNg@548e7350]" name="endChrome" is-config="true" duration-ms="4168" started-at="2021-12-09T03:57:48Z" finished-at="2021-12-09T03:57:52Z">
          <reporter-output>
          </reporter-output>
        </test-method> <!-- endChrome -->
        <test-method status="PASS" signature="endTime()[pri:0, instance:org.pbi.NewTestNg@548e7350]" name="endTime" is-config="true" duration-ms="0" started-at="2021-12-09T03:57:48Z" finished-at="2021-12-09T03:57:48Z">
          <reporter-output>
          </reporter-output>
        </test-method> <!-- endTime -->
      </class> <!-- org.pbi.NewTestNg -->
    </test> <!-- Test -->
  </suite> <!-- Suite -->
</testng-results>
